<?xml version="1.0" encoding="UTF-8"?>
<!-- Generated by org.testng.reporters.JUnitXMLReporter -->
<testsuite ignored="0" hostname="LAPTOP-RK" failures="1" tests="1" name="Default test" time="8.585" errors="0" timestamp="2023-12-03T23:43:07 GMT">
  <testcase classname="io.cucumber.testng.AbstractTestNGCucumberTests" name="runScenario" time="6.284">
    <failure type="org.openqa.selenium.SessionNotCreatedException" message="session not created: This version of ChromeDriver only supports Chrome version 114
Current browser version is 120.0.6099.56 with binary path C:\Program Files\Google\Chrome\Application\chrome.exe
Build info: version: &amp;apos;3.141.59&amp;apos;, revision: &amp;apos;e82be7d358&amp;apos;, time: &amp;apos;2018-11-14T08:17:03&amp;apos;
System info: host: &amp;apos;LAPTOP-RK&amp;apos;, ip: &amp;apos;192.168.0.151&amp;apos;, os.name: &amp;apos;Windows 10&amp;apos;, os.arch: &amp;apos;amd64&amp;apos;, os.version: &amp;apos;10.0&amp;apos;, java.version: &amp;apos;14.0.2&amp;apos;
Driver info: driver.version: ChromeDriver
remote stacktrace: Backtrace:
	GetHandleVerifier [0x00E3A813+48355]
	(No symbol) [0x00DCC4B1]
	(No symbol) [0x00CD5358]
	(No symbol) [0x00CF61AC]
	(No symbol) [0x00CF1EF3]
	(No symbol) [0x00CF0579]
	(No symbol) [0x00D20C55]
	(No symbol) [0x00D2093C]
	(No symbol) [0x00D1A536]
	(No symbol) [0x00CF82DC]
	(No symbol) [0x00CF93DD]
	GetHandleVerifier [0x0109AABD+2539405]
	GetHandleVerifier [0x010DA78F+2800735]
	GetHandleVerifier [0x010D456C+2775612]
	GetHandleVerifier [0x00EC51E0+616112]
	(No symbol) [0x00DD5F8C]
	(No symbol) [0x00DD2328]
	(No symbol) [0x00DD240B]
	(No symbol) [0x00DC4FF7]
	BaseThreadInitThunk [0x76627BA9+25]
	RtlInitializeExceptionChain [0x7744BD2B+107]
	RtlClearBits [0x7744BCAF+191]
">
      <![CDATA[org.openqa.selenium.SessionNotCreatedException: session not created: This version of ChromeDriver only supports Chrome version 114
Current browser version is 120.0.6099.56 with binary path C:\Program Files\Google\Chrome\Application\chrome.exe
Build info: version: '3.141.59', revision: 'e82be7d358', time: '2018-11-14T08:17:03'
System info: host: 'LAPTOP-RK', ip: '192.168.0.151', os.name: 'Windows 10', os.arch: 'amd64', os.version: '10.0', java.version: '14.0.2'
Driver info: driver.version: ChromeDriver
remote stacktrace: Backtrace:
GetHandleVerifier [0x00E3A813+48355]
(No symbol) [0x00DCC4B1]
(No symbol) [0x00CD5358]
(No symbol) [0x00CF61AC]
(No symbol) [0x00CF1EF3]
(No symbol) [0x00CF0579]
(No symbol) [0x00D20C55]
(No symbol) [0x00D2093C]
(No symbol) [0x00D1A536]
(No symbol) [0x00CF82DC]
(No symbol) [0x00CF93DD]
GetHandleVerifier [0x0109AABD+2539405]
GetHandleVerifier [0x010DA78F+2800735]
GetHandleVerifier [0x010D456C+2775612]
GetHandleVerifier [0x00EC51E0+616112]
(No symbol) [0x00DD5F8C]
(No symbol) [0x00DD2328]
(No symbol) [0x00DD240B]
(No symbol) [0x00DC4FF7]
BaseThreadInitThunk [0x76627BA9+25]
RtlInitializeExceptionChain [0x7744BD2B+107]
RtlClearBits [0x7744BCAF+191]

at java.base/jdk.internal.reflect.NativeConstructorAccessorImpl.newInstance0(Native Method)
at java.base/jdk.internal.reflect.NativeConstructorAccessorImpl.newInstance(NativeConstructorAccessorImpl.java:62)
at java.base/jdk.internal.reflect.DelegatingConstructorAccessorImpl.newInstance(DelegatingConstructorAccessorImpl.java:45)
at java.base/java.lang.reflect.Constructor.newInstanceWithCaller(Constructor.java:500)
at java.base/java.lang.reflect.Constructor.newInstance(Constructor.java:481)
at org.openqa.selenium.remote.W3CHandshakeResponse.lambda$errorHandler$0(W3CHandshakeResponse.java:62)
at org.openqa.selenium.remote.HandshakeResponse.lambda$getResponseFunction$0(HandshakeResponse.java:30)
at org.openqa.selenium.remote.ProtocolHandshake.lambda$createSession$0(ProtocolHandshake.java:126)
at java.base/java.util.stream.ReferencePipeline$3$1.accept(ReferencePipeline.java:195)
at java.base/java.util.Spliterators$ArraySpliterator.tryAdvance(Spliterators.java:958)
at java.base/java.util.stream.ReferencePipeline.forEachWithCancel(ReferencePipeline.java:127)
at java.base/java.util.stream.AbstractPipeline.copyIntoWithCancel(AbstractPipeline.java:502)
at java.base/java.util.stream.AbstractPipeline.copyInto(AbstractPipeline.java:488)
at java.base/java.util.stream.AbstractPipeline.wrapAndCopyInto(AbstractPipeline.java:474)
at java.base/java.util.stream.FindOps$FindOp.evaluateSequential(FindOps.java:150)
at java.base/java.util.stream.AbstractPipeline.evaluate(AbstractPipeline.java:234)
at java.base/java.util.stream.ReferencePipeline.findFirst(ReferencePipeline.java:543)
at org.openqa.selenium.remote.ProtocolHandshake.createSession(ProtocolHandshake.java:128)
at org.openqa.selenium.remote.ProtocolHandshake.createSession(ProtocolHandshake.java:74)
at org.openqa.selenium.remote.HttpCommandExecutor.execute(HttpCommandExecutor.java:136)
at org.openqa.selenium.remote.service.DriverCommandExecutor.execute(DriverCommandExecutor.java:83)
at org.openqa.selenium.remote.RemoteWebDriver.execute(RemoteWebDriver.java:552)
at org.openqa.selenium.remote.RemoteWebDriver.startSession(RemoteWebDriver.java:213)
at org.openqa.selenium.remote.RemoteWebDriver.<init>(RemoteWebDriver.java:131)
at org.openqa.selenium.chrome.ChromeDriver.<init>(ChromeDriver.java:181)
at org.openqa.selenium.chrome.ChromeDriver.<init>(ChromeDriver.java:168)
at org.openqa.selenium.chrome.ChromeDriver.<init>(ChromeDriver.java:157)
at com.qa.factory.DriverFactory.init_driver(DriverFactory.java:39)
at stepDefinitions.Hooks.getProperty(Hooks.java:29)
]]>
    </failure>
  </testcase> <!-- runScenario -->
</testsuite> <!-- Default test -->
