{"uuid":"7522d343-b387-43db-9739-fc47b0f5fdfd","name":"Scenario: Check DashBoard page (Happy Path)","children":["e4aec3bf-841b-42c9-ac4f-36cb3b13f004"],"befores":[{"name":"stepDefinitions.Hooks.getProperty()","status":"broken","statusDetails":{"known":false,"muted":false,"flaky":false,"message":"BEFORE is failed: session not created: This version of ChromeDriver only supports Chrome version 114\nCurrent browser version is 120.0.6099.56 with binary path C:\\Program Files\\Google\\Chrome\\Application\\chrome.exe\nBuild info: version: '3.141.59', revision: 'e82be7d358', time: '2018-11-14T08:17:03'\nSystem info: host: 'LAPTOP-RK', ip: '192.168.0.151', os.name: 'Windows 10', os.arch: 'amd64', os.version: '10.0', java.version: '14.0.2'\nDriver info: driver.version: ChromeDriver\nremote stacktrace: Backtrace:\n\tGetHandleVerifier [0x00E3A813+48355]\n\t(No symbol) [0x00DCC4B1]\n\t(No symbol) [0x00CD5358]\n\t(No symbol) [0x00CF61AC]\n\t(No symbol) [0x00CF1EF3]\n\t(No symbol) [0x00CF0579]\n\t(No symbol) [0x00D20C55]\n\t(No symbol) [0x00D2093C]\n\t(No symbol) [0x00D1A536]\n\t(No symbol) [0x00CF82DC]\n\t(No symbol) [0x00CF93DD]\n\tGetHandleVerifier [0x0109AABD+2539405]\n\tGetHandleVerifier [0x010DA78F+2800735]\n\tGetHandleVerifier [0x010D456C+2775612]\n\tGetHandleVerifier [0x00EC51E0+616112]\n\t(No symbol) [0x00DD5F8C]\n\t(No symbol) [0x00DD2328]\n\t(No symbol) [0x00DD240B]\n\t(No symbol) [0x00DC4FF7]\n\tBaseThreadInitThunk [0x76627BA9+25]\n\tRtlInitializeExceptionChain [0x7744BD2B+107]\n\tRtlClearBits [0x7744BCAF+191]\n","trace":"org.openqa.selenium.SessionNotCreatedException: session not created: This version of ChromeDriver only supports Chrome version 114\nCurrent browser version is 120.0.6099.56 with binary path C:\\Program Files\\Google\\Chrome\\Application\\chrome.exe\nBuild info: version: '3.141.59', revision: 'e82be7d358', time: '2018-11-14T08:17:03'\nSystem info: host: 'LAPTOP-RK', ip: '192.168.0.151', os.name: 'Windows 10', os.arch: 'amd64', os.version: '10.0', java.version: '14.0.2'\nDriver info: driver.version: ChromeDriver\nremote stacktrace: Backtrace:\n\tGetHandleVerifier [0x00E3A813+48355]\n\t(No symbol) [0x00DCC4B1]\n\t(No symbol) [0x00CD5358]\n\t(No symbol) [0x00CF61AC]\n\t(No symbol) [0x00CF1EF3]\n\t(No symbol) [0x00CF0579]\n\t(No symbol) [0x00D20C55]\n\t(No symbol) [0x00D2093C]\n\t(No symbol) [0x00D1A536]\n\t(No symbol) [0x00CF82DC]\n\t(No symbol) [0x00CF93DD]\n\tGetHandleVerifier [0x0109AABD+2539405]\n\tGetHandleVerifier [0x010DA78F+2800735]\n\tGetHandleVerifier [0x010D456C+2775612]\n\tGetHandleVerifier [0x00EC51E0+616112]\n\t(No symbol) [0x00DD5F8C]\n\t(No symbol) [0x00DD2328]\n\t(No symbol) [0x00DD240B]\n\t(No symbol) [0x00DC4FF7]\n\tBaseThreadInitThunk [0x76627BA9+25]\n\tRtlInitializeExceptionChain [0x7744BD2B+107]\n\tRtlClearBits [0x7744BCAF+191]\n\r\n\tat java.base/jdk.internal.reflect.NativeConstructorAccessorImpl.newInstance0(Native Method)\r\n\tat java.base/jdk.internal.reflect.NativeConstructorAccessorImpl.newInstance(NativeConstructorAccessorImpl.java:62)\r\n\tat java.base/jdk.internal.reflect.DelegatingConstructorAccessorImpl.newInstance(DelegatingConstructorAccessorImpl.java:45)\r\n\tat java.base/java.lang.reflect.Constructor.newInstanceWithCaller(Constructor.java:500)\r\n\tat java.base/java.lang.reflect.Constructor.newInstance(Constructor.java:481)\r\n\tat org.openqa.selenium.remote.W3CHandshakeResponse.lambda$errorHandler$0(W3CHandshakeResponse.java:62)\r\n\tat org.openqa.selenium.remote.HandshakeResponse.lambda$getResponseFunction$0(HandshakeResponse.java:30)\r\n\tat org.openqa.selenium.remote.ProtocolHandshake.lambda$createSession$0(ProtocolHandshake.java:126)\r\n\tat java.base/java.util.stream.ReferencePipeline$3$1.accept(ReferencePipeline.java:195)\r\n\tat java.base/java.util.Spliterators$ArraySpliterator.tryAdvance(Spliterators.java:958)\r\n\tat java.base/java.util.stream.ReferencePipeline.forEachWithCancel(ReferencePipeline.java:127)\r\n\tat java.base/java.util.stream.AbstractPipeline.copyIntoWithCancel(AbstractPipeline.java:502)\r\n\tat java.base/java.util.stream.AbstractPipeline.copyInto(AbstractPipeline.java:488)\r\n\tat java.base/java.util.stream.AbstractPipeline.wrapAndCopyInto(AbstractPipeline.java:474)\r\n\tat java.base/java.util.stream.FindOps$FindOp.evaluateSequential(FindOps.java:150)\r\n\tat java.base/java.util.stream.AbstractPipeline.evaluate(AbstractPipeline.java:234)\r\n\tat java.base/java.util.stream.ReferencePipeline.findFirst(ReferencePipeline.java:543)\r\n\tat org.openqa.selenium.remote.ProtocolHandshake.createSession(ProtocolHandshake.java:128)\r\n\tat org.openqa.selenium.remote.ProtocolHandshake.createSession(ProtocolHandshake.java:74)\r\n\tat org.openqa.selenium.remote.HttpCommandExecutor.execute(HttpCommandExecutor.java:136)\r\n\tat org.openqa.selenium.remote.service.DriverCommandExecutor.execute(DriverCommandExecutor.java:83)\r\n\tat org.openqa.selenium.remote.RemoteWebDriver.execute(RemoteWebDriver.java:552)\r\n\tat org.openqa.selenium.remote.RemoteWebDriver.startSession(RemoteWebDriver.java:213)\r\n\tat org.openqa.selenium.remote.RemoteWebDriver.<init>(RemoteWebDriver.java:131)\r\n\tat org.openqa.selenium.chrome.ChromeDriver.<init>(ChromeDriver.java:181)\r\n\tat org.openqa.selenium.chrome.ChromeDriver.<init>(ChromeDriver.java:168)\r\n\tat org.openqa.selenium.chrome.ChromeDriver.<init>(ChromeDriver.java:157)\r\n\tat com.qa.factory.DriverFactory.init_driver(DriverFactory.java:39)\r\n\tat stepDefinitions.Hooks.getProperty(Hooks.java:29)\r\n"},"stage":"finished","steps":[],"attachments":[],"parameters":[],"start":1701646981045,"stop":1701646986763}],"afters":[{"name":"stepDefinitions.Hooks.tearDown(io.cucumber.java.Scenario)","status":"broken","statusDetails":{"known":false,"muted":false,"flaky":false,"message":"AFTER is failed: Cannot invoke \"org.openqa.selenium.WebDriver.quit()\" because \"this.driver\" is null","trace":"java.lang.NullPointerException: Cannot invoke \"org.openqa.selenium.WebDriver.quit()\" because \"this.driver\" is null\r\n\tat stepDefinitions.Hooks.tearDown(Hooks.java:42)\r\n"},"stage":"finished","steps":[],"attachments":[],"parameters":[],"start":1701646986816,"stop":1701646986819}],"start":1701646981040,"stop":1701646986826}