<html>
<head>
<title>TestNG:  HomePage_test</title>
<link href="../testng.css" rel="stylesheet" type="text/css" />
<link href="../my-testng.css" rel="stylesheet" type="text/css" />

<style type="text/css">
.log { display: none;} 
.stack-trace { display: none;} 
</style>
<script type="text/javascript">
<!--
function flip(e) {
  current = e.style.display;
  if (current == 'block') {
    e.style.display = 'none';
    return 0;
  }
  else {
    e.style.display = 'block';
    return 1;
  }
}

function toggleBox(szDivId, elem, msg1, msg2)
{
  var res = -1;  if (document.getElementById) {
    res = flip(document.getElementById(szDivId));
  }
  else if (document.all) {
    // this is the way old msie versions work
    res = flip(document.all[szDivId]);
  }
  if(elem) {
    if(res == 0) elem.innerHTML = msg1; else elem.innerHTML = msg2;
  }

}

function toggleAllBoxes() {
  if (document.getElementsByTagName) {
    d = document.getElementsByTagName('div');
    for (i = 0; i < d.length; i++) {
      if (d[i].className == 'log') {
        flip(d[i]);
      }
    }
  }
}

// -->
</script>

</head>
<body>
<h2 align='center'>HomePage_test</h2><table border='1' align="center">
<tr>
<td>Tests passed/Failed/Skipped:</td><td>6/1/0</td>
</tr><tr>
<td>Started on:</td><td>Mon Dec 04 06:39:13 GMT 2023</td>
</tr>
<tr><td>Total time:</td><td>18 seconds (18662 ms)</td>
</tr><tr>
<td>Included groups:</td><td></td>
</tr><tr>
<td>Excluded groups:</td><td></td>
</tr>
</table><p/>
<small><i>(Hover the method name to see the test class name)</i></small><p/>
<table width='100%' border='1' class='invocation-failed'>
<tr><td colspan='4' align='center'><b>FAILED TESTS</b></td></tr>
<tr><td><b>Test method</b></td>
<td><b>Attribute(s)</b></td>
<td width="30%"><b>Exception</b></td>
<td width="10%"><b>Time (seconds)</b></td>
<td><b>Instance</b></td>
</tr>
<tr>
<td title='testrunners.ParallelTestRunner.runScenario()'><b>runScenario</b><br>Test class: testrunners.ParallelTestRunner<br>Test method: Runs Cucumber Scenarios<br>Parameters: "Test Mandatory field (Email missing)", "Registration Page Feature"</td>
<td><div><pre>org.openqa.selenium.NoSuchElementException: no such element: Unable to locate element: {&quot;method&quot;:&quot;xpath&quot;,&quot;selector&quot;:&quot;//p[contains(@class, &apos;ng-binding&apos;) and contains(text(), &apos;You must provide a valid email address&apos;)]&quot;}
  (Session info: headless MicrosoftEdge=119.0.2151.97)
For documentation on this error, please visit: https://www.selenium.dev/documentation/webdriver/troubleshooting/errors#no-such-element-exception
Build info: version: &apos;4.15.0&apos;, revision: &apos;1d14b5521b&apos;
System info: os.name: &apos;Windows 10&apos;, os.arch: &apos;amd64&apos;, os.version: &apos;10.0&apos;, java.version: &apos;14.0.2&apos;
Driver info: org.openqa.selenium.edge.EdgeDriver
Command: [e42302ada08bd0b1635b5d508f8cbe59, findElement {using=xpath, value=//p[contains(@class, &apos;ng-binding&apos;) and contains(text(), &apos;You must provide a valid email address&apos;)]}]
Capabilities {acceptInsecureCerts: false, browserName: msedge, browserVersion: 119.0.2151.97, fedcm:accounts: true, ms:edgeOptions: {debuggerAddress: localhost:59656}, msedge: {msedgedriverVersion: 119.0.2151.97 (42f50dec8b7a..., userDataDir: C:\Users\Rayha\AppData\Loca...}, networkConnectionEnabled: false, pageLoadStrategy: normal, platformName: windows, proxy: Proxy(), se:cdp: ws://localhost:59656/devtoo..., se:cdpVersion: 119.0.2151.97, setWindowRect: true, strictFileInteractability: false, timeouts: {implicit: 0, pageLoad: 300000, script: 30000}, unhandledPromptBehavior: dismiss and notify, webauthn:extension:credBlob: true, webauthn:extension:largeBlob: true, webauthn:extension:minPinLength: true, webauthn:extension:prf: true, webauthn:virtualAuthenticators: true}
Session ID: e42302ada08bd0b1635b5d508f8cbe59
	at java.base/jdk.internal.reflect.NativeConstructorAccessorImpl.newInstance0(Native Method)
	at java.base/jdk.internal.reflect.NativeConstructorAccessorImpl.newInstance(NativeConstructorAccessorImpl.java:62)
	at java.base/jdk.internal.reflect.DelegatingConstructorAccessorImpl.newInstance(DelegatingConstructorAccessorImpl.java:45)
	at java.base/java.lang.reflect.Constructor.newInstanceWithCaller(Constructor.java:500)
	at java.base/java.lang.reflect.Constructor.newInstance(Constructor.java:481)
	at org.openqa.selenium.remote.codec.w3c.W3CHttpResponseCodec.createException(W3CHttpResponseCodec.java:200)
	at org.openqa.selenium.remote.codec.w3c.W3CHttpResponseCodec.decode(W3CHttpResponseCodec.java:133)
	at org.openqa.selenium.remote.codec.w3c.W3CHttpResponseCodec.decode(W3CHttpResponseCodec.java:52)
	at org.openqa.selenium.remote.HttpCommandExecutor.execute(HttpCommandExecutor.java:191)
	at org.openqa.selenium.remote.service.DriverCommandExecutor.invokeExecute(DriverCommandExecutor.java:200)
	at org.openqa.selenium.remote.service.DriverCommandExecutor.execute(DriverCommandExecutor.java:175)
	at org.openqa.selenium.remote.RemoteWebDriver.execute(RemoteWebDriver.java:607)
	at org.openqa.selenium.remote.ElementLocation$ElementFinder$2.findElement(ElementLocation.java:165)
	at org.openqa.selenium.remote.ElementLocation.findElement(ElementLocation.java:59)
	at org.openqa.selenium.remote.RemoteWebDriver.findElement(RemoteWebDriver.java:364)
	at org.openqa.selenium.remote.RemoteWebDriver.findElement(RemoteWebDriver.java:358)
	at com.pages.RegistrationPage.assertErrorMsg(RegistrationPage.java:111)
	at stepDefinitions.RegistrationpageSteps.should_throw_error_message(RegistrationpageSteps.java:45)
	at ?.Should throw error message for &apos;email&apos;(file:///C:/Users/Rayha/Desktop/Projects/Testing/openAthens_final/OpenAthens_BDD/Features/RegistrationPage.feature:41)
</pre></div><a href='#' onClick='toggleBox("stack-trace2031027837", this, "Click to show all stack frames", "Click to hide stack frames")'>Click to show all stack frames</a>
<div class='stack-trace' id='stack-trace2031027837'><pre>org.openqa.selenium.NoSuchElementException: no such element: Unable to locate element: {&quot;method&quot;:&quot;xpath&quot;,&quot;selector&quot;:&quot;//p[contains(@class, &apos;ng-binding&apos;) and contains(text(), &apos;You must provide a valid email address&apos;)]&quot;}
  (Session info: headless MicrosoftEdge=119.0.2151.97)
For documentation on this error, please visit: https://www.selenium.dev/documentation/webdriver/troubleshooting/errors#no-such-element-exception
Build info: version: &apos;4.15.0&apos;, revision: &apos;1d14b5521b&apos;
System info: os.name: &apos;Windows 10&apos;, os.arch: &apos;amd64&apos;, os.version: &apos;10.0&apos;, java.version: &apos;14.0.2&apos;
Driver info: org.openqa.selenium.edge.EdgeDriver
Command: [e42302ada08bd0b1635b5d508f8cbe59, findElement {using=xpath, value=//p[contains(@class, &apos;ng-binding&apos;) and contains(text(), &apos;You must provide a valid email address&apos;)]}]
Capabilities {acceptInsecureCerts: false, browserName: msedge, browserVersion: 119.0.2151.97, fedcm:accounts: true, ms:edgeOptions: {debuggerAddress: localhost:59656}, msedge: {msedgedriverVersion: 119.0.2151.97 (42f50dec8b7a..., userDataDir: C:\Users\Rayha\AppData\Loca...}, networkConnectionEnabled: false, pageLoadStrategy: normal, platformName: windows, proxy: Proxy(), se:cdp: ws://localhost:59656/devtoo..., se:cdpVersion: 119.0.2151.97, setWindowRect: true, strictFileInteractability: false, timeouts: {implicit: 0, pageLoad: 300000, script: 30000}, unhandledPromptBehavior: dismiss and notify, webauthn:extension:credBlob: true, webauthn:extension:largeBlob: true, webauthn:extension:minPinLength: true, webauthn:extension:prf: true, webauthn:virtualAuthenticators: true}
Session ID: e42302ada08bd0b1635b5d508f8cbe59
	at java.base/jdk.internal.reflect.NativeConstructorAccessorImpl.newInstance0(Native Method)
	at java.base/jdk.internal.reflect.NativeConstructorAccessorImpl.newInstance(NativeConstructorAccessorImpl.java:62)
	at java.base/jdk.internal.reflect.DelegatingConstructorAccessorImpl.newInstance(DelegatingConstructorAccessorImpl.java:45)
	at java.base/java.lang.reflect.Constructor.newInstanceWithCaller(Constructor.java:500)
	at java.base/java.lang.reflect.Constructor.newInstance(Constructor.java:481)
	at org.openqa.selenium.remote.codec.w3c.W3CHttpResponseCodec.createException(W3CHttpResponseCodec.java:200)
	at org.openqa.selenium.remote.codec.w3c.W3CHttpResponseCodec.decode(W3CHttpResponseCodec.java:133)
	at org.openqa.selenium.remote.codec.w3c.W3CHttpResponseCodec.decode(W3CHttpResponseCodec.java:52)
	at org.openqa.selenium.remote.HttpCommandExecutor.execute(HttpCommandExecutor.java:191)
	at org.openqa.selenium.remote.service.DriverCommandExecutor.invokeExecute(DriverCommandExecutor.java:200)
	at org.openqa.selenium.remote.service.DriverCommandExecutor.execute(DriverCommandExecutor.java:175)
	at org.openqa.selenium.remote.RemoteWebDriver.execute(RemoteWebDriver.java:607)
	at org.openqa.selenium.remote.ElementLocation$ElementFinder$2.findElement(ElementLocation.java:165)
	at org.openqa.selenium.remote.ElementLocation.findElement(ElementLocation.java:59)
	at org.openqa.selenium.remote.RemoteWebDriver.findElement(RemoteWebDriver.java:364)
	at org.openqa.selenium.remote.RemoteWebDriver.findElement(RemoteWebDriver.java:358)
	at com.pages.RegistrationPage.assertErrorMsg(RegistrationPage.java:111)
	at stepDefinitions.RegistrationpageSteps.should_throw_error_message(RegistrationpageSteps.java:45)
	at ?.Should throw error message for &apos;email&apos;(file:///C:/Users/Rayha/Desktop/Projects/Testing/openAthens_final/OpenAthens_BDD/Features/RegistrationPage.feature:41)
</pre></div></td>
<td>15</td>
<td>testrunners.ParallelTestRunner@39a2bb97</td></tr>
</table><p>
<table width='100%' border='1' class='invocation-passed'>
<tr><td colspan='4' align='center'><b>PASSED TESTS</b></td></tr>
<tr><td><b>Test method</b></td>
<td><b>Attribute(s)</b></td>
<td width="30%"><b>Exception</b></td>
<td width="10%"><b>Time (seconds)</b></td>
<td><b>Instance</b></td>
</tr>
<tr>
<td title='testrunners.ParallelTestRunner.runScenario()'><b>runScenario</b><br>Test class: testrunners.ParallelTestRunner<br>Test method: Runs Cucumber Scenarios<br>Parameters: "Test Mandatory field (Password missing)", "Registration Page Feature"</td>
<td></td>
<td>15</td>
<td>testrunners.ParallelTestRunner@39a2bb97</td></tr>
<tr>
<td title='testrunners.ParallelTestRunner.runScenario()'><b>runScenario</b><br>Test class: testrunners.ParallelTestRunner<br>Test method: Runs Cucumber Scenarios<br>Parameters: "Test Registration Succes (happy path)", "Registration Page Feature"</td>
<td></td>
<td>15</td>
<td>testrunners.ParallelTestRunner@39a2bb97</td></tr>
<tr>
<td title='testrunners.ParallelTestRunner.runScenario()'><b>runScenario</b><br>Test class: testrunners.ParallelTestRunner<br>Test method: Runs Cucumber Scenarios<br>Parameters: "Test Mandatory field (Interest missing)", "Registration Page Feature"</td>
<td></td>
<td>15</td>
<td>testrunners.ParallelTestRunner@39a2bb97</td></tr>
<tr>
<td title='testrunners.ParallelTestRunner.runScenario()'><b>runScenario</b><br>Test class: testrunners.ParallelTestRunner<br>Test method: Runs Cucumber Scenarios<br>Parameters: "Check DashBoard page (Happy Path)", "HomePage"</td>
<td></td>
<td>15</td>
<td>testrunners.ParallelTestRunner@39a2bb97</td></tr>
<tr>
<td title='testrunners.ParallelTestRunner.runScenario()'><b>runScenario</b><br>Test class: testrunners.ParallelTestRunner<br>Test method: Runs Cucumber Scenarios<br>Parameters: "Navigate to Registration page from Index page", "HomePage"</td>
<td></td>
<td>11</td>
<td>testrunners.ParallelTestRunner@39a2bb97</td></tr>
<tr>
<td title='testrunners.ParallelTestRunner.runScenario()'><b>runScenario</b><br>Test class: testrunners.ParallelTestRunner<br>Test method: Runs Cucumber Scenarios<br>Parameters: "Check DashBoard page table", "HomePage"</td>
<td></td>
<td>11</td>
<td>testrunners.ParallelTestRunner@39a2bb97</td></tr>
</table><p>
</body>
</html>